                                                                                                                                                
================
== TensorFlow ==
================

NVIDIA Release 20.07-tf1 (build 14714473.1)
TensorFlow Version 1.15.3

Container image Copyright (c) 2020, NVIDIA CORPORATION.  All rights reserved.
Copyright 2017-2020 The TensorFlow Authors.  All rights reserved.

NVIDIA Deep Learning Profiler (dlprof) Copyright (c) 2020, NVIDIA CORPORATION.  All rights reserved.

Various files include modifications (c) NVIDIA CORPORATION.  All rights reserved.
NVIDIA modifications are covered by the license terms that apply to the underlying project or file.

Detected MOFED 5.4-3.5.8.

NOTE: MOFED driver was detected, but nv_peer_mem driver was not detected.
      Multi-node communication performance may be reduced.

Mon Dec  9 17:16:17 2024[4]<stdout>:Parsing args...
Mon Dec  9 17:16:17 2024[4]<stdout>:Namespace(augment_data='true', batch_size='16', data='/home/woodm/CSC2611/pokemon-image-classifier/stratified-data', epochs='10', fine_tune='true', main_dir='/home/woodm/CSC2611/pokemon-image-classifier/src/optimized-model')
Mon Dec  9 17:16:17 2024[4]<stdout>:Loading weights pre-trained on ImageNet model...
Mon Dec  9 17:16:17 2024[5]<stdout>:Parsing args...
Mon Dec  9 17:16:17 2024[0]<stdout>:Parsing args...
Mon Dec  9 17:16:17 2024[0]<stdout>:Namespace(augment_data='true', batch_size='16', data='/home/woodm/CSC2611/pokemon-image-classifier/stratified-data', epochs='10', fine_tune='true', main_dir='/home/woodm/CSC2611/pokemon-image-classifier/src/optimized-model')
Mon Dec  9 17:16:17 2024[0]<stdout>:Loading weights pre-trained on ImageNet model...
Mon Dec  9 17:16:17 2024[5]<stdout>:Namespace(augment_data='true', batch_size='16', data='/home/woodm/CSC2611/pokemon-image-classifier/stratified-data', epochs='10', fine_tune='true', main_dir='/home/woodm/CSC2611/pokemon-image-classifier/src/optimized-model')
Mon Dec  9 17:16:17 2024[5]<stdout>:Loading weights pre-trained on ImageNet model...
Mon Dec  9 17:16:17 2024[3]<stdout>:Parsing args...
Mon Dec  9 17:16:17 2024[3]<stdout>:Namespace(augment_data='true', batch_size='16', data='/home/woodm/CSC2611/pokemon-image-classifier/stratified-data', epochs='10', fine_tune='true', main_dir='/home/woodm/CSC2611/pokemon-image-classifier/src/optimized-model')
Mon Dec  9 17:16:17 2024[3]<stdout>:Loading weights pre-trained on ImageNet model...
Mon Dec  9 17:16:17 2024[2]<stdout>:Parsing args...
Mon Dec  9 17:16:17 2024[2]<stdout>:Namespace(augment_data='true', batch_size='16', data='/home/woodm/CSC2611/pokemon-image-classifier/stratified-data', epochs='10', fine_tune='true', main_dir='/home/woodm/CSC2611/pokemon-image-classifier/src/optimized-model')
Mon Dec  9 17:16:17 2024[2]<stdout>:Loading weights pre-trained on ImageNet model...
Mon Dec  9 17:16:17 2024[1]<stdout>:Parsing args...
Mon Dec  9 17:16:17 2024[1]<stdout>:Namespace(augment_data='true', batch_size='16', data='/home/woodm/CSC2611/pokemon-image-classifier/stratified-data', epochs='10', fine_tune='true', main_dir='/home/woodm/CSC2611/pokemon-image-classifier/src/optimized-model')
Mon Dec  9 17:16:17 2024[1]<stdout>:Loading weights pre-trained on ImageNet model...
Mon Dec  9 17:16:17 2024[6]<stdout>:Parsing args...
Mon Dec  9 17:16:17 2024[6]<stdout>:Namespace(augment_data='true', batch_size='16', data='/home/woodm/CSC2611/pokemon-image-classifier/stratified-data', epochs='10', fine_tune='true', main_dir='/home/woodm/CSC2611/pokemon-image-classifier/src/optimized-model')
Mon Dec  9 17:16:17 2024[6]<stdout>:Loading weights pre-trained on ImageNet model...
Mon Dec  9 17:16:17 2024[7]<stdout>:Parsing args...
Mon Dec  9 17:16:17 2024[7]<stdout>:Namespace(augment_data='true', batch_size='16', data='/home/woodm/CSC2611/pokemon-image-classifier/stratified-data', epochs='10', fine_tune='true', main_dir='/home/woodm/CSC2611/pokemon-image-classifier/src/optimized-model')
Mon Dec  9 17:16:17 2024[7]<stdout>:Loading weights pre-trained on ImageNet model...
Mon Dec  9 17:16:18 2024[0]<stdout>:Creating inputs...
Mon Dec  9 17:16:18 2024[6]<stdout>:Creating inputs...
Mon Dec  9 17:16:18 2024[5]<stdout>:Creating inputs...
Mon Dec  9 17:16:18 2024[4]<stdout>:Creating inputs...
Mon Dec  9 17:16:18 2024[0]<stdout>:Adding layers...
Mon Dec  9 17:16:18 2024[2]<stdout>:Creating inputs...
Mon Dec  9 17:16:18 2024[1]<stdout>:Creating inputs...
Mon Dec  9 17:16:19 2024[6]<stdout>:Adding layers...
Mon Dec  9 17:16:19 2024[0]<stdout>:Combining...
Mon Dec  9 17:16:19 2024[3]<stdout>:Creating inputs...
Mon Dec  9 17:16:19 2024[7]<stdout>:Creating inputs...
Mon Dec  9 17:16:19 2024[6]<stdout>:Combining...
Mon Dec  9 17:16:19 2024[5]<stdout>:Adding layers...
Mon Dec  9 17:16:19 2024[5]<stdout>:Combining...
Mon Dec  9 17:16:19 2024[4]<stdout>:Adding layers...
Mon Dec  9 17:16:19 2024[1]<stdout>:Adding layers...
Mon Dec  9 17:16:19 2024[2]<stdout>:Adding layers...
Mon Dec  9 17:16:19 2024[3]<stdout>:Adding layers...
Mon Dec  9 17:16:19 2024[1]<stdout>:Combining...
Mon Dec  9 17:16:19 2024[4]<stdout>:Combining...
Mon Dec  9 17:16:19 2024[2]<stdout>:Combining...
Mon Dec  9 17:16:19 2024[7]<stdout>:Adding layers...
Mon Dec  9 17:16:19 2024[3]<stdout>:Combining...
Mon Dec  9 17:16:19 2024[7]<stdout>:Combining...
Mon Dec  9 17:16:19 2024[0]<stdout>:Compiling...
Mon Dec  9 17:16:19 2024[6]<stdout>:Compiling...
Mon Dec  9 17:16:19 2024[5]<stdout>:Compiling...
Mon Dec  9 17:16:19 2024[0]<stdout>:Augmenting data...
Mon Dec  9 17:16:19 2024[0]<stdout>:Loading training data...
Mon Dec  9 17:16:19 2024[4]<stdout>:Compiling...
Mon Dec  9 17:16:19 2024[6]<stdout>:Augmenting data...
Mon Dec  9 17:16:19 2024[6]<stdout>:Loading training data...
Mon Dec  9 17:16:19 2024[1]<stdout>:Compiling...
Mon Dec  9 17:16:19 2024[2]<stdout>:Compiling...
Mon Dec  9 17:16:19 2024[3]<stdout>:Compiling...
Mon Dec  9 17:16:19 2024[5]<stdout>:Augmenting data...
Mon Dec  9 17:16:19 2024[7]<stdout>:Compiling...
Mon Dec  9 17:16:19 2024[5]<stdout>:Loading training data...
Mon Dec  9 17:16:19 2024[4]<stdout>:Augmenting data...
Mon Dec  9 17:16:19 2024[4]<stdout>:Loading training data...
Mon Dec  9 17:16:19 2024[2]<stdout>:Augmenting data...
Mon Dec  9 17:16:19 2024[2]<stdout>:Loading training data...
Mon Dec  9 17:16:19 2024[1]<stdout>:Augmenting data...
Mon Dec  9 17:16:19 2024[1]<stdout>:Loading training data...
Mon Dec  9 17:16:19 2024[3]<stdout>:Augmenting data...
Mon Dec  9 17:16:19 2024[3]<stdout>:Loading training data...
Mon Dec  9 17:16:19 2024[7]<stdout>:Augmenting data...
Mon Dec  9 17:16:19 2024[7]<stdout>:Loading training data...
Mon Dec  9 17:16:20 2024[6]<stdout>:Found 41099 images belonging to 149 classes.
Mon Dec  9 17:16:20 2024[0]<stdout>:Found 41099 images belonging to 149 classes.
Mon Dec  9 17:16:20 2024[6]<stdout>:Loading validation data...
Mon Dec  9 17:16:20 2024[3]<stdout>:Found 41099 images belonging to 149 classes.
Mon Dec  9 17:16:20 2024[1]<stdout>:Found 41099 images belonging to 149 classes.
Mon Dec  9 17:16:20 2024[5]<stdout>:Found 41099 images belonging to 149 classes.
Mon Dec  9 17:16:20 2024[4]<stdout>:Found 41099 images belonging to 149 classes.
Mon Dec  9 17:16:20 2024[7]<stdout>:Found 41099 images belonging to 149 classes.
Mon Dec  9 17:16:20 2024[4]<stdout>:Loading validation data...
Mon Dec  9 17:16:20 2024[2]<stdout>:Found 41099 images belonging to 149 classes.
Mon Dec  9 17:16:20 2024[0]<stdout>:Loading validation data...
Mon Dec  9 17:16:20 2024[3]<stdout>:Loading validation data...
Mon Dec  9 17:16:20 2024[2]<stdout>:Loading validation data...
Mon Dec  9 17:16:20 2024[5]<stdout>:Loading validation data...
Mon Dec  9 17:16:20 2024[1]<stdout>:Loading validation data...
Mon Dec  9 17:16:20 2024[7]<stdout>:Loading validation data...
Mon Dec  9 17:16:20 2024[6]<stdout>:Found 10339 images belonging to 149 classes.
Mon Dec  9 17:16:20 2024[4]<stdout>:Found 10339 images belonging to 149 classes.
Mon Dec  9 17:16:20 2024[0]<stdout>:Found 10339 images belonging to 149 classes.
Mon Dec  9 17:16:20 2024[6]<stdout>:Training...
Mon Dec  9 17:16:20 2024[3]<stdout>:Found 10339 images belonging to 149 classes.
Mon Dec  9 17:16:20 2024[4]<stdout>:Training...
Mon Dec  9 17:16:20 2024[2]<stdout>:Found 10339 images belonging to 149 classes.
Mon Dec  9 17:16:20 2024[1]<stdout>:Found 10339 images belonging to 149 classes.
Mon Dec  9 17:16:20 2024[5]<stdout>:Found 10339 images belonging to 149 classes.
Mon Dec  9 17:16:20 2024[7]<stdout>:Found 10339 images belonging to 149 classes.
Mon Dec  9 17:16:20 2024[0]<stdout>:Training...
Mon Dec  9 17:16:21 2024[2]<stdout>:Training...
Mon Dec  9 17:16:21 2024[1]<stdout>:Training...
Mon Dec  9 17:16:21 2024[7]<stdout>:Training...
Mon Dec  9 17:16:21 2024[3]<stdout>:Training...
Mon Dec  9 17:16:21 2024[5]<stdout>:Training...
Mon Dec  9 17:16:21 2024[6]<stdout>:Epoch 1/10
Mon Dec  9 17:16:21 2024[0]<stdout>:Epoch 1/10
Mon Dec  9 17:16:21 2024[4]<stdout>:Epoch 1/10
Mon Dec  9 17:16:21 2024[7]<stdout>:Epoch 1/10
Mon Dec  9 17:16:21 2024[2]<stdout>:Epoch 1/10
Mon Dec  9 17:16:21 2024[1]<stdout>:Epoch 1/10
Mon Dec  9 17:16:21 2024[5]<stdout>:Epoch 1/10
Mon Dec  9 17:16:21 2024[3]<stdout>:Epoch 1/10
Mon Dec  9 17:18:33 2024[5]<stdout>: - 132s - loss: 399.0540 - accuracy: 0.5633 - val_loss: 352.9411 - val_accuracy: 0.6453
Mon Dec  9 17:18:33 2024[5]<stdout>:Epoch 2/10
Mon Dec  9 17:18:33 2024[6]<stdout>: - 133s - loss: 399.1807 - accuracy: 0.5621 - val_loss: 444.8600 - val_accuracy: 0.6453
Mon Dec  9 17:18:33 2024[6]<stdout>:Epoch 2/10
Mon Dec  9 17:18:34 2024[3]<stdout>: - 133s - loss: 398.0438 - accuracy: 0.5691 - val_loss: 69.9471 - val_accuracy: 0.6484
Mon Dec  9 17:18:34 2024[3]<stdout>:Epoch 2/10
Mon Dec  9 17:18:34 2024[7]<stdout>: - 133s - loss: 384.1018 - accuracy: 0.5570 - val_loss: 241.8137 - val_accuracy: 0.6516
Mon Dec  9 17:18:34 2024[7]<stdout>:Epoch 2/10
Mon Dec  9 17:18:35 2024[2]<stdout>: - 134s - loss: 390.1995 - accuracy: 0.5732 - val_loss: 374.7950 - val_accuracy: 0.6422
Mon Dec  9 17:18:35 2024[2]<stdout>:Epoch 2/10
Mon Dec  9 17:18:35 2024[0]<stdout>: - 134s - loss: 379.0319 - accuracy: 0.5678 - val_loss: 100.9506 - val_accuracy: 0.6750
Mon Dec  9 17:18:35 2024[0]<stdout>:Epoch 2/10
Mon Dec  9 17:18:35 2024[4]<stdout>: - 134s - loss: 386.7789 - accuracy: 0.5740 - val_loss: 146.3599 - val_accuracy: 0.6703
Mon Dec  9 17:18:35 2024[4]<stdout>:Epoch 2/10
Mon Dec  9 17:18:36 2024[1]<stdout>: - 135s - loss: 387.6668 - accuracy: 0.5683 - val_loss: 231.0510 - val_accuracy: 0.6711
Mon Dec  9 17:18:36 2024[1]<stdout>:Epoch 2/10
Mon Dec  9 17:20:41 2024[7]<stdout>: - 127s - loss: 162.4190 - accuracy: 0.7562 - val_loss: 247.6244 - val_accuracy: 0.7141
Mon Dec  9 17:20:41 2024[7]<stdout>:Epoch 3/10
Mon Dec  9 17:20:41 2024[5]<stdout>: - 128s - loss: 187.8332 - accuracy: 0.7333 - val_loss: 181.0226 - val_accuracy: 0.7102
Mon Dec  9 17:20:41 2024[5]<stdout>:Epoch 3/10
Mon Dec  9 17:20:42 2024[3]<stdout>: - 128s - loss: 175.2971 - accuracy: 0.7473 - val_loss: 218.8890 - val_accuracy: 0.7164
Mon Dec  9 17:20:42 2024[3]<stdout>:Epoch 3/10
Mon Dec  9 17:20:42 2024[1]<stdout>: - 127s - loss: 188.1134 - accuracy: 0.7344 - val_loss: 353.3832 - val_accuracy: 0.7195
Mon Dec  9 17:20:42 2024[1]<stdout>:Epoch 3/10
Mon Dec  9 17:20:43 2024[2]<stdout>: - 128s - loss: 185.2270 - accuracy: 0.7338 - val_loss: 104.3789 - val_accuracy: 0.7234
Mon Dec  9 17:20:43 2024[2]<stdout>:Epoch 3/10
Mon Dec  9 17:20:43 2024[6]<stdout>: - 129s - loss: 181.0328 - accuracy: 0.7397 - val_loss: 378.7762 - val_accuracy: 0.7117
Mon Dec  9 17:20:43 2024[6]<stdout>:Epoch 3/10
Mon Dec  9 17:20:43 2024[4]<stdout>: - 128s - loss: 172.8367 - accuracy: 0.7379 - val_loss: 51.1093 - val_accuracy: 0.7258
Mon Dec  9 17:20:43 2024[4]<stdout>:Epoch 3/10
Mon Dec  9 17:20:43 2024[0]<stdout>: - 128s - loss: 176.0631 - accuracy: 0.7389 - val_loss: 124.4400 - val_accuracy: 0.7172
Mon Dec  9 17:20:43 2024[0]<stdout>:Epoch 3/10
Mon Dec  9 17:22:48 2024[3]<stdout>: - 126s - loss: 171.3485 - accuracy: 0.7810 - val_loss: 31.3945 - val_accuracy: 0.7352
Mon Dec  9 17:22:48 2024[3]<stdout>:Epoch 4/10
Mon Dec  9 17:22:48 2024[5]<stdout>: - 126s - loss: 162.6764 - accuracy: 0.7833 - val_loss: 303.2614 - val_accuracy: 0.7422
Mon Dec  9 17:22:48 2024[5]<stdout>:Epoch 4/10
Mon Dec  9 17:22:48 2024[6]<stdout>: - 125s - loss: 152.9637 - accuracy: 0.7963 - val_loss: 239.7625 - val_accuracy: 0.7469
Mon Dec  9 17:22:48 2024[6]<stdout>:Epoch 4/10
Mon Dec  9 17:22:48 2024[7]<stdout>: - 127s - loss: 163.8389 - accuracy: 0.7872 - val_loss: 272.9242 - val_accuracy: 0.7133
Mon Dec  9 17:22:48 2024[7]<stdout>:Epoch 4/10
Mon Dec  9 17:22:49 2024[4]<stdout>: - 126s - loss: 163.4329 - accuracy: 0.7792 - val_loss: 20.2372 - val_accuracy: 0.7258
Mon Dec  9 17:22:49 2024[4]<stdout>:Epoch 4/10
Mon Dec  9 17:22:49 2024[1]<stdout>: - 127s - loss: 159.4647 - accuracy: 0.7835 - val_loss: 227.1740 - val_accuracy: 0.7219
Mon Dec  9 17:22:49 2024[1]<stdout>:Epoch 4/10
Mon Dec  9 17:22:50 2024[2]<stdout>: - 127s - loss: 160.7517 - accuracy: 0.7858 - val_loss: 84.8032 - val_accuracy: 0.7297
Mon Dec  9 17:22:50 2024[2]<stdout>:Epoch 4/10
Mon Dec  9 17:22:51 2024[0]<stdout>: - 128s - loss: 156.3188 - accuracy: 0.7870 - val_loss: 339.2167 - val_accuracy: 0.7484
Mon Dec  9 17:22:51 2024[0]<stdout>:Epoch 4/10
Mon Dec  9 17:24:55 2024[3]<stdout>: - 127s - loss: 139.9137 - accuracy: 0.8166 - val_loss: 557.7108 - val_accuracy: 0.7508
Mon Dec  9 17:24:55 2024[3]<stdout>:Epoch 5/10
Mon Dec  9 17:24:55 2024[6]<stdout>: - 127s - loss: 147.0139 - accuracy: 0.8174 - val_loss: 463.4680 - val_accuracy: 0.7445
Mon Dec  9 17:24:55 2024[6]<stdout>:Epoch 5/10
Mon Dec  9 17:24:55 2024[5]<stdout>: - 127s - loss: 157.6286 - accuracy: 0.8022 - val_loss: 250.6167 - val_accuracy: 0.7570
Mon Dec  9 17:24:55 2024[5]<stdout>:Epoch 5/10
Mon Dec  9 17:24:55 2024[1]<stdout>: - 126s - loss: 144.0535 - accuracy: 0.8125 - val_loss: 110.5191 - val_accuracy: 0.7594
Mon Dec  9 17:24:55 2024[1]<stdout>:Epoch 5/10
Mon Dec  9 17:24:56 2024[0]<stdout>: - 125s - loss: 153.2285 - accuracy: 0.8094 - val_loss: 302.2610 - val_accuracy: 0.7633
Mon Dec  9 17:24:56 2024[0]<stdout>:Epoch 5/10
Mon Dec  9 17:24:56 2024[7]<stdout>: - 128s - loss: 155.2632 - accuracy: 0.8026 - val_loss: 190.4093 - val_accuracy: 0.7547
Mon Dec  9 17:24:56 2024[7]<stdout>:Epoch 5/10
Mon Dec  9 17:24:56 2024[2]<stdout>: - 126s - loss: 145.5222 - accuracy: 0.8170 - val_loss: 412.3033 - val_accuracy: 0.7477
Mon Dec  9 17:24:56 2024[2]<stdout>:Epoch 5/10
Mon Dec  9 17:24:57 2024[4]<stdout>: - 129s - loss: 148.7269 - accuracy: 0.8119 - val_loss: 650.3466 - val_accuracy: 0.7609
Mon Dec  9 17:24:57 2024[4]<stdout>:Epoch 5/10
Mon Dec  9 17:27:01 2024[1]<stdout>: - 126s - loss: 134.5796 - accuracy: 0.8260 - val_loss: 189.1819 - val_accuracy: 0.7742
Mon Dec  9 17:27:01 2024[1]<stdout>:Epoch 6/10
Mon Dec  9 17:27:01 2024[5]<stdout>: - 126s - loss: 147.3465 - accuracy: 0.8254 - val_loss: 174.8488 - val_accuracy: 0.7531
Mon Dec  9 17:27:01 2024[5]<stdout>:Epoch 6/10
Mon Dec  9 17:27:02 2024[0]<stdout>: - 126s - loss: 148.8420 - accuracy: 0.8259 - val_loss: 128.6331 - val_accuracy: 0.7547
Mon Dec  9 17:27:02 2024[0]<stdout>:Epoch 6/10
Mon Dec  9 17:27:03 2024[7]<stdout>: - 127s - loss: 146.2803 - accuracy: 0.8182 - val_loss: 197.9104 - val_accuracy: 0.7547
Mon Dec  9 17:27:03 2024[7]<stdout>:Epoch 6/10
Mon Dec  9 17:27:03 2024[2]<stdout>: - 127s - loss: 141.1843 - accuracy: 0.8281 - val_loss: 296.0778 - val_accuracy: 0.7859
Mon Dec  9 17:27:03 2024[2]<stdout>:Epoch 6/10
Mon Dec  9 17:27:03 2024[4]<stdout>: - 126s - loss: 132.2966 - accuracy: 0.8363 - val_loss: 301.5372 - val_accuracy: 0.7695
Mon Dec  9 17:27:03 2024[4]<stdout>:Epoch 6/10
Mon Dec  9 17:27:03 2024[3]<stdout>: - 129s - loss: 133.4488 - accuracy: 0.8341 - val_loss: 109.5239 - val_accuracy: 0.7633
Mon Dec  9 17:27:03 2024[3]<stdout>:Epoch 6/10
Mon Dec  9 17:27:04 2024[6]<stdout>: - 129s - loss: 140.9444 - accuracy: 0.8347 - val_loss: 235.5234 - val_accuracy: 0.7586
Mon Dec  9 17:27:04 2024[6]<stdout>:Epoch 6/10
Mon Dec  9 17:29:07 2024[7]<stdout>: - 125s - loss: 128.2757 - accuracy: 0.8427 - val_loss: 364.2076 - val_accuracy: 0.7828
Mon Dec  9 17:29:07 2024[7]<stdout>:Epoch 7/10
Mon Dec  9 17:29:09 2024[2]<stdout>: - 126s - loss: 118.3827 - accuracy: 0.8536 - val_loss: 111.8820 - val_accuracy: 0.7664
Mon Dec  9 17:29:09 2024[2]<stdout>:Epoch 7/10
Mon Dec  9 17:29:09 2024[6]<stdout>: - 125s - loss: 137.2530 - accuracy: 0.8431 - val_loss: 876.0282 - val_accuracy: 0.7633
Mon Dec  9 17:29:09 2024[6]<stdout>:Epoch 7/10
Mon Dec  9 17:29:09 2024[3]<stdout>: - 126s - loss: 127.4192 - accuracy: 0.8462 - val_loss: 208.8465 - val_accuracy: 0.7937
Mon Dec  9 17:29:09 2024[3]<stdout>:Epoch 7/10
Mon Dec  9 17:29:09 2024[1]<stdout>: - 128s - loss: 119.9907 - accuracy: 0.8528 - val_loss: 451.0119 - val_accuracy: 0.7844
Mon Dec  9 17:29:09 2024[1]<stdout>:Epoch 7/10
Mon Dec  9 17:29:09 2024[0]<stdout>: - 127s - loss: 135.6025 - accuracy: 0.8431 - val_loss: 269.4682 - val_accuracy: 0.7859
Mon Dec  9 17:29:09 2024[0]<stdout>:Epoch 7/10
Mon Dec  9 17:29:10 2024[4]<stdout>: - 127s - loss: 131.0313 - accuracy: 0.8435 - val_loss: 255.3434 - val_accuracy: 0.7734
Mon Dec  9 17:29:10 2024[4]<stdout>:Epoch 7/10
Mon Dec  9 17:29:11 2024[5]<stdout>: - 129s - loss: 125.3535 - accuracy: 0.8481 - val_loss: 83.0038 - val_accuracy: 0.7859
Mon Dec  9 17:29:11 2024[5]<stdout>:Epoch 7/10
Mon Dec  9 17:31:14 2024[5]<stdout>: - 123s - loss: 107.2886 - accuracy: 0.8688 - val_loss: 551.1507 - val_accuracy: 0.7852
Mon Dec  9 17:31:14 2024[5]<stdout>:Epoch 8/10
Mon Dec  9 17:31:14 2024[6]<stdout>: - 125s - loss: 129.0810 - accuracy: 0.8625 - val_loss: 423.1106 - val_accuracy: 0.7688
Mon Dec  9 17:31:14 2024[6]<stdout>:Epoch 8/10
Mon Dec  9 17:31:14 2024[1]<stdout>: - 125s - loss: 119.4102 - accuracy: 0.8618 - val_loss: 600.5405 - val_accuracy: 0.7758
Mon Dec  9 17:31:14 2024[1]<stdout>:Epoch 8/10
Mon Dec  9 17:31:15 2024[3]<stdout>: - 126s - loss: 122.6800 - accuracy: 0.8594 - val_loss: 171.5063 - val_accuracy: 0.7773
Mon Dec  9 17:31:15 2024[3]<stdout>:Epoch 8/10
Mon Dec  9 17:31:15 2024[4]<stdout>: - 125s - loss: 115.3011 - accuracy: 0.8598 - val_loss: 587.3696 - val_accuracy: 0.7750
Mon Dec  9 17:31:15 2024[4]<stdout>:Epoch 8/10
Mon Dec  9 17:31:16 2024[0]<stdout>: - 127s - loss: 124.9489 - accuracy: 0.8590 - val_loss: 28.5515 - val_accuracy: 0.7664
Mon Dec  9 17:31:16 2024[0]<stdout>:Epoch 8/10
Mon Dec  9 17:31:17 2024[2]<stdout>: - 128s - loss: 121.3976 - accuracy: 0.8590 - val_loss: 217.0969 - val_accuracy: 0.7734
Mon Dec  9 17:31:17 2024[2]<stdout>:Epoch 8/10
Mon Dec  9 17:31:17 2024[7]<stdout>: - 130s - loss: 134.4096 - accuracy: 0.8520 - val_loss: 100.9892 - val_accuracy: 0.7859
Mon Dec  9 17:31:17 2024[7]<stdout>:Epoch 8/10
Mon Dec  9 17:33:23 2024[7]<stdout>: - 127s - loss: 124.0256 - accuracy: 0.8678 - val_loss: 163.5894 - val_accuracy: 0.7742
Mon Dec  9 17:33:23 2024[7]<stdout>:Epoch 9/10
Mon Dec  9 17:33:24 2024[6]<stdout>: - 129s - loss: 113.2813 - accuracy: 0.8717 - val_loss: 558.1403 - val_accuracy: 0.8062
Mon Dec  9 17:33:24 2024[6]<stdout>:Epoch 9/10
Mon Dec  9 17:33:24 2024[0]<stdout>: - 127s - loss: 125.1148 - accuracy: 0.8625 - val_loss: 633.2466 - val_accuracy: 0.7977
Mon Dec  9 17:33:24 2024[0]<stdout>:Epoch 9/10
Mon Dec  9 17:33:24 2024[5]<stdout>: - 130s - loss: 121.5787 - accuracy: 0.8655 - val_loss: 345.7067 - val_accuracy: 0.7820
Mon Dec  9 17:33:24 2024[5]<stdout>:Epoch 9/10
Mon Dec  9 17:33:24 2024[4]<stdout>: - 129s - loss: 123.7989 - accuracy: 0.8658 - val_loss: 211.7154 - val_accuracy: 0.7781
Mon Dec  9 17:33:24 2024[4]<stdout>:Epoch 9/10
Mon Dec  9 17:33:24 2024[1]<stdout>: - 130s - loss: 112.5759 - accuracy: 0.8688 - val_loss: 613.6090 - val_accuracy: 0.7852
Mon Dec  9 17:33:24 2024[1]<stdout>:Epoch 9/10
Mon Dec  9 17:33:25 2024[3]<stdout>: - 131s - loss: 115.7364 - accuracy: 0.8678 - val_loss: 96.7984 - val_accuracy: 0.7914
Mon Dec  9 17:33:25 2024[3]<stdout>:Epoch 9/10
Mon Dec  9 17:33:25 2024[2]<stdout>: - 129s - loss: 117.8809 - accuracy: 0.8623 - val_loss: 69.0813 - val_accuracy: 0.7945
Mon Dec  9 17:33:25 2024[2]<stdout>:Epoch 9/10
Mon Dec  9 17:35:35 2024[6]<stdout>: - 132s - loss: 104.6128 - accuracy: 0.8812 - val_loss: 470.8725 - val_accuracy: 0.7695
Mon Dec  9 17:35:35 2024[6]<stdout>:Epoch 10/10
Mon Dec  9 17:35:36 2024[5]<stdout>: - 132s - loss: 97.0950 - accuracy: 0.8894 - val_loss: 515.7665 - val_accuracy: 0.8019
Mon Dec  9 17:35:36 2024[5]<stdout>:Epoch 10/10
Mon Dec  9 17:35:36 2024[3]<stdout>: - 131s - loss: 108.4642 - accuracy: 0.8853 - val_loss: 336.8162 - val_accuracy: 0.7940
Mon Dec  9 17:35:36 2024[3]<stdout>:Epoch 10/10
Mon Dec  9 17:35:36 2024[7]<stdout>: - 133s - loss: 109.7435 - accuracy: 0.8779 - val_loss: 116.3088 - val_accuracy: 0.7964
Mon Dec  9 17:35:36 2024[7]<stdout>:Epoch 10/10
Mon Dec  9 17:35:37 2024[4]<stdout>: - 132s - loss: 103.6280 - accuracy: 0.8820 - val_loss: 738.0315 - val_accuracy: 0.7837
Mon Dec  9 17:35:37 2024[4]<stdout>:Epoch 10/10
Mon Dec  9 17:35:37 2024[0]<stdout>: - 133s - loss: 98.0121 - accuracy: 0.8830 - val_loss: 89.1705 - val_accuracy: 0.7995
Mon Dec  9 17:35:37 2024[0]<stdout>:Epoch 10/10
Mon Dec  9 17:35:37 2024[2]<stdout>: - 131s - loss: 100.2673 - accuracy: 0.8832 - val_loss: 372.8925 - val_accuracy: 0.7932
Mon Dec  9 17:35:37 2024[2]<stdout>:Epoch 10/10
Mon Dec  9 17:35:38 2024[1]<stdout>: - 134s - loss: 103.8056 - accuracy: 0.8787 - val_loss: 368.5560 - val_accuracy: 0.8153
Mon Dec  9 17:35:38 2024[1]<stdout>:Epoch 10/10
Mon Dec  9 17:37:43 2024[7]<stdout>: - 127s - loss: 96.8206 - accuracy: 0.8816 - val_loss: 30.3850 - val_accuracy: 0.8133
Mon Dec  9 17:37:43 2024[7]<stdout>:Fine tuning...
Mon Dec  9 17:37:44 2024[5]<stdout>: - 128s - loss: 100.2496 - accuracy: 0.8865 - val_loss: 372.4777 - val_accuracy: 0.8039
Mon Dec  9 17:37:44 2024[5]<stdout>:Fine tuning...
Mon Dec  9 17:37:44 2024[6]<stdout>: - 129s - loss: 100.2009 - accuracy: 0.8828 - val_loss: 439.0497 - val_accuracy: 0.8180
Mon Dec  9 17:37:44 2024[6]<stdout>:Fine tuning...
Mon Dec  9 17:37:44 2024[3]<stdout>: - 128s - loss: 96.9744 - accuracy: 0.8879 - val_loss: 665.2744 - val_accuracy: 0.8234
Mon Dec  9 17:37:44 2024[3]<stdout>:Fine tuning...
Mon Dec  9 17:37:44 2024[7]<stdout>:Epoch 1/10
Mon Dec  9 17:37:45 2024[5]<stdout>:Epoch 1/10
Mon Dec  9 17:37:45 2024[6]<stdout>:Epoch 1/10
Mon Dec  9 17:37:45 2024[0]<stdout>: - 128s - loss: 108.0093 - accuracy: 0.8794 - val_loss: 509.8375 - val_accuracy: 0.8133
Mon Dec  9 17:37:45 2024[0]<stdout>:Fine tuning...
Mon Dec  9 17:37:45 2024[3]<stdout>:Epoch 1/10
Mon Dec  9 17:37:46 2024[4]<stdout>: - 129s - loss: 115.2166 - accuracy: 0.8762 - val_loss: 138.8253 - val_accuracy: 0.7930
Mon Dec  9 17:37:46 2024[4]<stdout>:Fine tuning...
Mon Dec  9 17:37:47 2024[2]<stdout>: - 130s - loss: 107.2796 - accuracy: 0.8818 - val_loss: 231.0788 - val_accuracy: 0.8141
Mon Dec  9 17:37:47 2024[2]<stdout>:Fine tuning...
Mon Dec  9 17:37:47 2024[0]<stdout>:Epoch 1/10
Mon Dec  9 17:37:47 2024[1]<stdout>: - 129s - loss: 109.0030 - accuracy: 0.8787 - val_loss: 127.7000 - val_accuracy: 0.8125
Mon Dec  9 17:37:47 2024[1]<stdout>:Fine tuning...
Mon Dec  9 17:37:47 2024[4]<stdout>:Epoch 1/10
Mon Dec  9 17:37:48 2024[2]<stdout>:Epoch 1/10
Mon Dec  9 17:37:48 2024[1]<stdout>:Epoch 1/10
Mon Dec  9 17:40:03 2024[6]<stdout>: - 138s - loss: 32.7087 - accuracy: 0.9279 - val_loss: 41.6243 - val_accuracy: 0.8250
Mon Dec  9 17:40:03 2024[6]<stdout>:Epoch 2/10
Mon Dec  9 17:40:04 2024[5]<stdout>: - 139s - loss: 31.6957 - accuracy: 0.9309 - val_loss: 94.9159 - val_accuracy: 0.8469
Mon Dec  9 17:40:04 2024[5]<stdout>:Epoch 2/10
Mon Dec  9 17:40:04 2024[4]<stdout>: - 137s - loss: 31.8327 - accuracy: 0.9322 - val_loss: 145.1214 - val_accuracy: 0.8375
Mon Dec  9 17:40:04 2024[4]<stdout>:Epoch 2/10
Mon Dec  9 17:40:05 2024[3]<stdout>: - 139s - loss: 30.0303 - accuracy: 0.9330 - val_loss: 116.7606 - val_accuracy: 0.8430
Mon Dec  9 17:40:05 2024[3]<stdout>:Epoch 2/10
Mon Dec  9 17:40:05 2024[2]<stdout>: - 137s - loss: 34.6907 - accuracy: 0.9194 - val_loss: 69.0541 - val_accuracy: 0.8359
Mon Dec  9 17:40:05 2024[2]<stdout>:Epoch 2/10
Mon Dec  9 17:40:05 2024[0]<stdout>: - 138s - loss: 31.3294 - accuracy: 0.9301 - val_loss: 83.0179 - val_accuracy: 0.8516
Mon Dec  9 17:40:05 2024[0]<stdout>:Epoch 2/10
Mon Dec  9 17:40:05 2024[7]<stdout>: - 141s - loss: 29.6658 - accuracy: 0.9282 - val_loss: 159.0326 - val_accuracy: 0.8398
Mon Dec  9 17:40:05 2024[7]<stdout>:Epoch 2/10
Mon Dec  9 17:40:06 2024[1]<stdout>: - 138s - loss: 33.3628 - accuracy: 0.9303 - val_loss: 42.6561 - val_accuracy: 0.8508
Mon Dec  9 17:40:06 2024[1]<stdout>:Epoch 2/10
Mon Dec  9 17:42:16 2024[7]<stdout>: - 131s - loss: 10.3290 - accuracy: 0.9459 - val_loss: 17.9081 - val_accuracy: 0.8703
Mon Dec  9 17:42:16 2024[7]<stdout>:Epoch 3/10
Mon Dec  9 17:42:17 2024[5]<stdout>: - 133s - loss: 14.0349 - accuracy: 0.9457 - val_loss: 46.9166 - val_accuracy: 0.8570
Mon Dec  9 17:42:17 2024[5]<stdout>:Epoch 3/10
Mon Dec  9 17:42:17 2024[6]<stdout>: - 134s - loss: 11.4860 - accuracy: 0.9509 - val_loss: 27.3762 - val_accuracy: 0.8711
Mon Dec  9 17:42:17 2024[6]<stdout>:Epoch 3/10
Mon Dec  9 17:42:17 2024[0]<stdout>: - 132s - loss: 14.2503 - accuracy: 0.9433 - val_loss: 142.6184 - val_accuracy: 0.8664
Mon Dec  9 17:42:17 2024[0]<stdout>:Epoch 3/10
Mon Dec  9 17:42:18 2024[2]<stdout>: - 133s - loss: 13.6063 - accuracy: 0.9449 - val_loss: 316.2340 - val_accuracy: 0.8672
Mon Dec  9 17:42:18 2024[2]<stdout>:Epoch 3/10
Mon Dec  9 17:42:18 2024[3]<stdout>: - 134s - loss: 11.9448 - accuracy: 0.9491 - val_loss: 197.2507 - val_accuracy: 0.8562
Mon Dec  9 17:42:18 2024[3]<stdout>:Epoch 3/10
Mon Dec  9 17:42:18 2024[4]<stdout>: - 134s - loss: 14.0941 - accuracy: 0.9419 - val_loss: 9.5438 - val_accuracy: 0.8516
Mon Dec  9 17:42:18 2024[4]<stdout>:Epoch 3/10
Mon Dec  9 17:42:18 2024[1]<stdout>: - 132s - loss: 11.8591 - accuracy: 0.9455 - val_loss: 19.8207 - val_accuracy: 0.8656
Mon Dec  9 17:42:18 2024[1]<stdout>:Epoch 3/10
Mon Dec  9 17:44:30 2024[3]<stdout>: - 132s - loss: 7.5458 - accuracy: 0.9527 - val_loss: 54.2601 - val_accuracy: 0.8844
Mon Dec  9 17:44:30 2024[3]<stdout>:Epoch 4/10
Mon Dec  9 17:44:31 2024[6]<stdout>: - 134s - loss: 7.6854 - accuracy: 0.9577 - val_loss: 81.5980 - val_accuracy: 0.8852
Mon Dec  9 17:44:31 2024[6]<stdout>:Epoch 4/10
Mon Dec  9 17:44:31 2024[5]<stdout>: - 134s - loss: 8.5462 - accuracy: 0.9537 - val_loss: 110.6806 - val_accuracy: 0.8672
Mon Dec  9 17:44:31 2024[5]<stdout>:Epoch 4/10
Mon Dec  9 17:44:31 2024[1]<stdout>: - 133s - loss: 7.5723 - accuracy: 0.9548 - val_loss: 29.5863 - val_accuracy: 0.8828
Mon Dec  9 17:44:31 2024[1]<stdout>:Epoch 4/10
Mon Dec  9 17:44:32 2024[4]<stdout>: - 133s - loss: 8.0611 - accuracy: 0.9537 - val_loss: 44.3508 - val_accuracy: 0.8883
Mon Dec  9 17:44:32 2024[4]<stdout>:Epoch 4/10
Mon Dec  9 17:44:32 2024[7]<stdout>: - 136s - loss: 7.0954 - accuracy: 0.9550 - val_loss: 3.5112 - val_accuracy: 0.8789
Mon Dec  9 17:44:32 2024[7]<stdout>:Epoch 4/10
Mon Dec  9 17:44:32 2024[2]<stdout>: - 134s - loss: 8.6760 - accuracy: 0.9560 - val_loss: 117.5046 - val_accuracy: 0.8820
Mon Dec  9 17:44:32 2024[2]<stdout>:Epoch 4/10
Mon Dec  9 17:44:34 2024[0]<stdout>: - 137s - loss: 7.1988 - accuracy: 0.9574 - val_loss: 45.7269 - val_accuracy: 0.8617
Mon Dec  9 17:44:34 2024[0]<stdout>:Epoch 4/10
Mon Dec  9 17:46:44 2024[6]<stdout>: - 134s - loss: 5.5085 - accuracy: 0.9624 - val_loss: 44.6325 - val_accuracy: 0.8891
Mon Dec  9 17:46:44 2024[6]<stdout>:Epoch 5/10
Mon Dec  9 17:46:45 2024[2]<stdout>: - 132s - loss: 5.4965 - accuracy: 0.9604 - val_loss: 62.5853 - val_accuracy: 0.8836
Mon Dec  9 17:46:45 2024[2]<stdout>:Epoch 5/10
Mon Dec  9 17:46:45 2024[7]<stdout>: - 133s - loss: 6.3371 - accuracy: 0.9608 - val_loss: 73.5450 - val_accuracy: 0.8891
Mon Dec  9 17:46:45 2024[7]<stdout>:Epoch 5/10
Mon Dec  9 17:46:45 2024[1]<stdout>: - 134s - loss: 5.2496 - accuracy: 0.9665 - val_loss: 34.7743 - val_accuracy: 0.8773
Mon Dec  9 17:46:45 2024[1]<stdout>:Epoch 5/10
Mon Dec  9 17:46:46 2024[0]<stdout>: - 132s - loss: 5.1061 - accuracy: 0.9628 - val_loss: 59.5342 - val_accuracy: 0.8836
Mon Dec  9 17:46:46 2024[0]<stdout>:Epoch 5/10
Mon Dec  9 17:46:46 2024[4]<stdout>: - 134s - loss: 5.7180 - accuracy: 0.9648 - val_loss: 0.0000e+00 - val_accuracy: 0.8758
Mon Dec  9 17:46:46 2024[4]<stdout>:Epoch 5/10
Mon Dec  9 17:46:46 2024[5]<stdout>: - 135s - loss: 5.5080 - accuracy: 0.9632 - val_loss: 92.2047 - val_accuracy: 0.8820
Mon Dec  9 17:46:46 2024[5]<stdout>:Epoch 5/10
Mon Dec  9 17:46:47 2024[3]<stdout>: - 137s - loss: 6.3214 - accuracy: 0.9585 - val_loss: 92.4847 - val_accuracy: 0.8680
Mon Dec  9 17:46:47 2024[3]<stdout>:Epoch 5/10
Mon Dec  9 17:48:58 2024[7]<stdout>: - 132s - loss: 4.1443 - accuracy: 0.9671 - val_loss: 21.9980 - val_accuracy: 0.8727
Mon Dec  9 17:48:58 2024[7]<stdout>:Epoch 6/10
Mon Dec  9 17:48:58 2024[3]<stdout>: - 131s - loss: 4.6166 - accuracy: 0.9687 - val_loss: 0.0000e+00 - val_accuracy: 0.8781
Mon Dec  9 17:48:58 2024[3]<stdout>:Epoch 6/10
Mon Dec  9 17:48:58 2024[5]<stdout>: - 132s - loss: 4.6491 - accuracy: 0.9669 - val_loss: 35.9281 - val_accuracy: 0.8703
Mon Dec  9 17:48:58 2024[5]<stdout>:Epoch 6/10
Mon Dec  9 17:48:58 2024[0]<stdout>: - 133s - loss: 3.8414 - accuracy: 0.9704 - val_loss: 29.3501 - val_accuracy: 0.8727
Mon Dec  9 17:48:58 2024[0]<stdout>:Epoch 6/10
Mon Dec  9 17:48:59 2024[6]<stdout>: - 135s - loss: 3.8144 - accuracy: 0.9687 - val_loss: 38.8061 - val_accuracy: 0.8914
Mon Dec  9 17:48:59 2024[6]<stdout>:Epoch 6/10
Mon Dec  9 17:48:59 2024[1]<stdout>: - 134s - loss: 3.7184 - accuracy: 0.9657 - val_loss: 9.2008 - val_accuracy: 0.8641
Mon Dec  9 17:48:59 2024[1]<stdout>:Epoch 6/10
Mon Dec  9 17:49:00 2024[2]<stdout>: - 135s - loss: 4.1206 - accuracy: 0.9690 - val_loss: 0.0051 - val_accuracy: 0.8750
Mon Dec  9 17:49:00 2024[2]<stdout>:Epoch 6/10
Mon Dec  9 17:49:00 2024[4]<stdout>: - 134s - loss: 4.5922 - accuracy: 0.9681 - val_loss: 41.3199 - val_accuracy: 0.8805
Mon Dec  9 17:49:00 2024[4]<stdout>:Epoch 6/10
Mon Dec  9 17:51:09 2024[3]<stdout>: - 131s - loss: 3.3936 - accuracy: 0.9688 - val_loss: 163.9015 - val_accuracy: 0.8641
Mon Dec  9 17:51:09 2024[3]<stdout>:Epoch 7/10
Mon Dec  9 17:51:10 2024[7]<stdout>: - 132s - loss: 3.6844 - accuracy: 0.9696 - val_loss: 24.0938 - val_accuracy: 0.8742
Mon Dec  9 17:51:10 2024[7]<stdout>:Epoch 7/10
Mon Dec  9 17:51:10 2024[5]<stdout>: - 132s - loss: 3.0269 - accuracy: 0.9741 - val_loss: 14.6167 - val_accuracy: 0.8758
Mon Dec  9 17:51:10 2024[5]<stdout>:Epoch 7/10
Mon Dec  9 17:51:10 2024[6]<stdout>: - 132s - loss: 3.4112 - accuracy: 0.9702 - val_loss: 44.6652 - val_accuracy: 0.8734
Mon Dec  9 17:51:10 2024[6]<stdout>:Epoch 7/10
Mon Dec  9 17:51:11 2024[1]<stdout>: - 132s - loss: 3.4286 - accuracy: 0.9720 - val_loss: 0.0000e+00 - val_accuracy: 0.8703
Mon Dec  9 17:51:11 2024[1]<stdout>:Epoch 7/10
Mon Dec  9 17:51:12 2024[4]<stdout>: - 132s - loss: 2.7186 - accuracy: 0.9741 - val_loss: 51.4822 - val_accuracy: 0.8711
Mon Dec  9 17:51:12 2024[4]<stdout>:Epoch 7/10
Mon Dec  9 17:51:12 2024[0]<stdout>: - 133s - loss: 3.4801 - accuracy: 0.9694 - val_loss: 16.7967 - val_accuracy: 0.8828
Mon Dec  9 17:51:12 2024[0]<stdout>:Epoch 7/10
Mon Dec  9 17:51:13 2024[2]<stdout>: - 133s - loss: 3.5406 - accuracy: 0.9712 - val_loss: 91.0696 - val_accuracy: 0.8719
Mon Dec  9 17:51:13 2024[2]<stdout>:Epoch 7/10
Mon Dec  9 17:53:22 2024[7]<stdout>: - 132s - loss: 2.1035 - accuracy: 0.9751 - val_loss: 8.9742 - val_accuracy: 0.8789
Mon Dec  9 17:53:22 2024[7]<stdout>:Epoch 8/10
Mon Dec  9 17:53:23 2024[6]<stdout>: - 133s - loss: 2.9230 - accuracy: 0.9722 - val_loss: 176.9878 - val_accuracy: 0.8711
Mon Dec  9 17:53:23 2024[6]<stdout>:Epoch 8/10
Mon Dec  9 17:53:23 2024[1]<stdout>: - 132s - loss: 2.6525 - accuracy: 0.9776 - val_loss: 139.3175 - val_accuracy: 0.8781
Mon Dec  9 17:53:23 2024[1]<stdout>:Epoch 8/10
Mon Dec  9 17:53:23 2024[5]<stdout>: - 133s - loss: 2.7229 - accuracy: 0.9749 - val_loss: 26.0631 - val_accuracy: 0.8617
Mon Dec  9 17:53:23 2024[5]<stdout>:Epoch 8/10
Mon Dec  9 17:53:23 2024[0]<stdout>: - 131s - loss: 2.9911 - accuracy: 0.9685 - val_loss: 20.2925 - val_accuracy: 0.8773
Mon Dec  9 17:53:23 2024[0]<stdout>:Epoch 8/10
Mon Dec  9 17:53:23 2024[3]<stdout>: - 135s - loss: 3.4225 - accuracy: 0.9725 - val_loss: 6.2469 - val_accuracy: 0.8742
Mon Dec  9 17:53:23 2024[3]<stdout>:Epoch 8/10
Mon Dec  9 17:53:24 2024[2]<stdout>: - 131s - loss: 2.8029 - accuracy: 0.9735 - val_loss: 37.5321 - val_accuracy: 0.8633
Mon Dec  9 17:53:24 2024[2]<stdout>:Epoch 8/10
Mon Dec  9 17:53:25 2024[4]<stdout>: - 133s - loss: 2.6045 - accuracy: 0.9759 - val_loss: 58.5052 - val_accuracy: 0.8930
Mon Dec  9 17:53:25 2024[4]<stdout>:Epoch 8/10
Mon Dec  9 17:55:36 2024[3]<stdout>: - 133s - loss: 2.2686 - accuracy: 0.9768 - val_loss: 13.6919 - val_accuracy: 0.8828
Mon Dec  9 17:55:36 2024[3]<stdout>:Epoch 9/10
Mon Dec  9 17:55:36 2024[5]<stdout>: - 133s - loss: 1.9426 - accuracy: 0.9766 - val_loss: 0.0000e+00 - val_accuracy: 0.8844
Mon Dec  9 17:55:36 2024[5]<stdout>:Epoch 9/10
Mon Dec  9 17:55:36 2024[6]<stdout>: - 133s - loss: 2.1839 - accuracy: 0.9782 - val_loss: 5.8722 - val_accuracy: 0.8727
Mon Dec  9 17:55:36 2024[6]<stdout>:Epoch 9/10
Mon Dec  9 17:55:37 2024[7]<stdout>: - 135s - loss: 2.5372 - accuracy: 0.9770 - val_loss: 0.7217 - val_accuracy: 0.8773
Mon Dec  9 17:55:37 2024[7]<stdout>:Epoch 9/10
Mon Dec  9 17:55:38 2024[2]<stdout>: - 134s - loss: 2.4587 - accuracy: 0.9729 - val_loss: 97.6423 - val_accuracy: 0.8828
Mon Dec  9 17:55:38 2024[2]<stdout>:Epoch 9/10
Mon Dec  9 17:55:39 2024[4]<stdout>: - 134s - loss: 2.6354 - accuracy: 0.9751 - val_loss: 73.0402 - val_accuracy: 0.8625
Mon Dec  9 17:55:39 2024[4]<stdout>:Epoch 9/10
Mon Dec  9 17:55:40 2024[0]<stdout>: - 136s - loss: 2.5353 - accuracy: 0.9764 - val_loss: 164.7003 - val_accuracy: 0.8813
Mon Dec  9 17:55:40 2024[0]<stdout>:Epoch 9/10
Mon Dec  9 17:55:40 2024[1]<stdout>: - 137s - loss: 2.6516 - accuracy: 0.9782 - val_loss: 9.7613 - val_accuracy: 0.8898
Mon Dec  9 17:55:40 2024[1]<stdout>:Epoch 9/10
Mon Dec  9 17:57:55 2024[3]<stdout>: - 139s - loss: 1.2379 - accuracy: 0.9848 - val_loss: 8.6807 - val_accuracy: 0.8927
Mon Dec  9 17:57:55 2024[3]<stdout>:Epoch 10/10
Mon Dec  9 17:57:55 2024[6]<stdout>: - 138s - loss: 1.9981 - accuracy: 0.9776 - val_loss: 0.5736 - val_accuracy: 0.8737
Mon Dec  9 17:57:55 2024[6]<stdout>:Epoch 10/10
Mon Dec  9 17:57:55 2024[0]<stdout>: - 136s - loss: 1.7389 - accuracy: 0.9823 - val_loss: 11.8847 - val_accuracy: 0.8879
Mon Dec  9 17:57:55 2024[0]<stdout>:Epoch 10/10
Mon Dec  9 17:57:56 2024[7]<stdout>: - 140s - loss: 2.1358 - accuracy: 0.9780 - val_loss: 89.9937 - val_accuracy: 0.8840
Mon Dec  9 17:57:56 2024[7]<stdout>:Epoch 10/10
Mon Dec  9 17:57:57 2024[5]<stdout>: - 141s - loss: 2.2652 - accuracy: 0.9798 - val_loss: 104.9491 - val_accuracy: 0.8848
Mon Dec  9 17:57:57 2024[5]<stdout>:Epoch 10/10
Mon Dec  9 17:57:57 2024[4]<stdout>: - 138s - loss: 1.9318 - accuracy: 0.9792 - val_loss: 16.6237 - val_accuracy: 0.8879
Mon Dec  9 17:57:57 2024[4]<stdout>:Epoch 10/10
Mon Dec  9 17:57:58 2024[2]<stdout>: - 140s - loss: 1.9463 - accuracy: 0.9780 - val_loss: 0.0000e+00 - val_accuracy: 0.8871
Mon Dec  9 17:57:58 2024[2]<stdout>:Epoch 10/10
Mon Dec  9 17:57:58 2024[1]<stdout>: - 138s - loss: 2.0369 - accuracy: 0.9807 - val_loss: 123.1049 - val_accuracy: 0.8824
Mon Dec  9 17:57:58 2024[1]<stdout>:Epoch 10/10
Mon Dec  9 18:00:09 2024[7]<stdout>: - 132s - loss: 1.9340 - accuracy: 0.9788 - val_loss: 80.8283 - val_accuracy: 0.8766
Mon Dec  9 18:00:09 2024[7]<stdout>:/home/woodm/CSC2611/pokemon-image-classifier/src/optimized-model/model_b16_e10 rank 7.png
Mon Dec  9 18:00:09 2024[5]<stdout>: - 133s - loss: 2.3013 - accuracy: 0.9796 - val_loss: 8.8749 - val_accuracy: 0.8641
Mon Dec  9 18:00:10 2024[5]<stdout>:/home/woodm/CSC2611/pokemon-image-classifier/src/optimized-model/model_b16_e10 rank 5.png
Mon Dec  9 18:00:10 2024[1]<stdout>: - 132s - loss: 1.8579 - accuracy: 0.9803 - val_loss: 17.9241 - val_accuracy: 0.8852
Mon Dec  9 18:00:10 2024[1]<stdout>:/home/woodm/CSC2611/pokemon-image-classifier/src/optimized-model/model_b16_e10 rank 1.png
Mon Dec  9 18:00:10 2024[6]<stdout>: - 136s - loss: 1.4244 - accuracy: 0.9825 - val_loss: 51.2808 - val_accuracy: 0.8867
Mon Dec  9 18:00:11 2024[6]<stdout>:/home/woodm/CSC2611/pokemon-image-classifier/src/optimized-model/model_b16_e10 rank 6.png
Mon Dec  9 18:00:11 2024[3]<stdout>: - 136s - loss: 1.8037 - accuracy: 0.9772 - val_loss: 15.1313 - val_accuracy: 0.8711
Mon Dec  9 18:00:11 2024[3]<stdout>:/home/woodm/CSC2611/pokemon-image-classifier/src/optimized-model/model_b16_e10 rank 3.png
Mon Dec  9 18:00:11 2024[4]<stdout>: - 133s - loss: 1.8304 - accuracy: 0.9823 - val_loss: 5.8771 - val_accuracy: 0.8773
Mon Dec  9 18:00:11 2024[4]<stdout>:/home/woodm/CSC2611/pokemon-image-classifier/src/optimized-model/model_b16_e10 rank 4.png
Mon Dec  9 18:00:11 2024[0]<stdout>: - 136s - loss: 1.7558 - accuracy: 0.9786 - val_loss: 40.5580 - val_accuracy: 0.8883
Mon Dec  9 18:00:11 2024[0]<stdout>:/home/woodm/CSC2611/pokemon-image-classifier/src/optimized-model/model_b16_e10 rank 0.png
Mon Dec  9 18:00:11 2024[2]<stdout>: - 134s - loss: 2.4078 - accuracy: 0.9784 - val_loss: 7.8661 - val_accuracy: 0.8797
Mon Dec  9 18:00:12 2024[2]<stdout>:/home/woodm/CSC2611/pokemon-image-classifier/src/optimized-model/model_b16_e10 rank 2.png
Mon Dec  9 18:00:12 2024[0]<stdout>:Model saved to /home/woodm/CSC2611/pokemon-image-classifier/src/optimized-model/model_b16_e10_augtrue_fttrue.h5
