MOFED version '5.7-1.0.2' not available in this container.
No matching alternate version found.
2024-12-03 17:50:36.172240: I tensorflow/stream_executor/platform/default/dso_loader.cc:48] Successfully opened dynamic library libcudart.so.11.0
2024-12-03 17:50:41.531749: I tensorflow/stream_executor/platform/default/dso_loader.cc:48] Successfully opened dynamic library libcuda.so.1
2024-12-03 17:50:41.663382: I tensorflow/core/common_runtime/gpu/gpu_device.cc:1561] Found device 0 with properties: 
pciBusID: 0000:db:00.0 name: Tesla T4 computeCapability: 7.5
coreClock: 1.59GHz coreCount: 40 deviceMemorySize: 14.57GiB deviceMemoryBandwidth: 298.08GiB/s
2024-12-03 17:50:41.663435: I tensorflow/stream_executor/platform/default/dso_loader.cc:48] Successfully opened dynamic library libcudart.so.11.0
2024-12-03 17:50:41.704417: I tensorflow/stream_executor/platform/default/dso_loader.cc:48] Successfully opened dynamic library libcublas.so.11
2024-12-03 17:50:41.724311: I tensorflow/stream_executor/platform/default/dso_loader.cc:48] Successfully opened dynamic library libcufft.so.10
2024-12-03 17:50:41.740683: I tensorflow/stream_executor/platform/default/dso_loader.cc:48] Successfully opened dynamic library libcurand.so.10
2024-12-03 17:50:41.792267: I tensorflow/stream_executor/platform/default/dso_loader.cc:48] Successfully opened dynamic library libcusolver.so.10
2024-12-03 17:50:41.805881: I tensorflow/stream_executor/platform/default/dso_loader.cc:48] Successfully opened dynamic library libcusparse.so.11
2024-12-03 17:50:41.807742: I tensorflow/stream_executor/platform/default/dso_loader.cc:48] Successfully opened dynamic library libcudnn.so.8
2024-12-03 17:50:41.815465: I tensorflow/core/common_runtime/gpu/gpu_device.cc:1703] Adding visible gpu devices: 0
2024-12-03 17:50:41.840568: I tensorflow/core/platform/profile_utils/cpu_utils.cc:102] CPU Frequency: 2600000000 Hz
2024-12-03 17:50:41.842973: I tensorflow/compiler/xla/service/service.cc:168] XLA service 0x7f2934000b20 initialized for platform Host (this does not guarantee that XLA will be used). Devices:
2024-12-03 17:50:41.842998: I tensorflow/compiler/xla/service/service.cc:176]   StreamExecutor device (0): Host, Default Version
2024-12-03 17:50:42.047283: I tensorflow/compiler/xla/service/service.cc:168] XLA service 0x4e34920 initialized for platform CUDA (this does not guarantee that XLA will be used). Devices:
2024-12-03 17:50:42.047333: I tensorflow/compiler/xla/service/service.cc:176]   StreamExecutor device (0): Tesla T4, Compute Capability 7.5
2024-12-03 17:50:42.053575: I tensorflow/core/common_runtime/gpu/gpu_device.cc:1561] Found device 0 with properties: 
pciBusID: 0000:db:00.0 name: Tesla T4 computeCapability: 7.5
coreClock: 1.59GHz coreCount: 40 deviceMemorySize: 14.57GiB deviceMemoryBandwidth: 298.08GiB/s
2024-12-03 17:50:42.053637: I tensorflow/stream_executor/platform/default/dso_loader.cc:48] Successfully opened dynamic library libcudart.so.11.0
2024-12-03 17:50:42.053675: I tensorflow/stream_executor/platform/default/dso_loader.cc:48] Successfully opened dynamic library libcublas.so.11
2024-12-03 17:50:42.053698: I tensorflow/stream_executor/platform/default/dso_loader.cc:48] Successfully opened dynamic library libcufft.so.10
2024-12-03 17:50:42.053721: I tensorflow/stream_executor/platform/default/dso_loader.cc:48] Successfully opened dynamic library libcurand.so.10
2024-12-03 17:50:42.053744: I tensorflow/stream_executor/platform/default/dso_loader.cc:48] Successfully opened dynamic library libcusolver.so.10
2024-12-03 17:50:42.053767: I tensorflow/stream_executor/platform/default/dso_loader.cc:48] Successfully opened dynamic library libcusparse.so.11
2024-12-03 17:50:42.053790: I tensorflow/stream_executor/platform/default/dso_loader.cc:48] Successfully opened dynamic library libcudnn.so.8
2024-12-03 17:50:42.057758: I tensorflow/core/common_runtime/gpu/gpu_device.cc:1703] Adding visible gpu devices: 0
2024-12-03 17:50:42.060146: I tensorflow/stream_executor/platform/default/dso_loader.cc:48] Successfully opened dynamic library libcudart.so.11.0
2024-12-03 17:50:46.324108: I tensorflow/core/common_runtime/gpu/gpu_device.cc:1102] Device interconnect StreamExecutor with strength 1 edge matrix:
2024-12-03 17:50:46.324158: I tensorflow/core/common_runtime/gpu/gpu_device.cc:1108]      0 
2024-12-03 17:50:46.324167: I tensorflow/core/common_runtime/gpu/gpu_device.cc:1121] 0:   N 
2024-12-03 17:50:46.334848: I tensorflow/core/common_runtime/gpu/gpu_device.cc:1247] Created TensorFlow device (/job:localhost/replica:0/task:0/device:GPU:0 with 13826 MB memory) -> physical GPU (device: 0, name: Tesla T4, pci bus id: 0000:db:00.0, compute capability: 7.5)
2024-12-03 17:50:52.006103: I tensorflow/stream_executor/platform/default/dso_loader.cc:48] Successfully opened dynamic library libcublas.so.11
2024-12-03 17:50:54.389574: I tensorflow/stream_executor/platform/default/dso_loader.cc:48] Successfully opened dynamic library libcudnn.so.8
/usr/local/lib/python3.6/dist-packages/PIL/Image.py:963: UserWarning: Palette images with Transparency expressed in bytes should be converted to RGBA images
  "Palette images with Transparency expressed in bytes should be "
